d:\vgp230\sge\debug\vc120.pdb
d:\vgp230\sge\debug\vc120.idb
d:\vgp230\sge\debug\ctimer.obj
d:\vgp230\sge\debug\cdxgraphics.obj
d:\vgp230\sge\debug\cfont.obj
d:\vgp230\sge\debug\crendersurface.obj
d:\vgp230\sge\debug\cshader.obj
d:\vgp230\sge\debug\csprite.obj
d:\vgp230\sge\debug\cspriterenderer.obj
d:\vgp230\sge\debug\ctexture.obj
d:\vgp230\sge\debug\cwireframe.obj
d:\vgp230\sge\debug\cdxinput.obj
d:\vgp230\sge\debug\cinifile.obj
d:\vgp230\sge\debug\csplashscreen.obj
d:\vgp230\sge\debug\cresource.obj
d:\vgp230\sge\debug\cresourcemanager.obj
d:\vgp230\sge\debug\debug.obj
d:\vgp230\sge\debug\sge.obj
d:\vgp230\sge\debug\sge_audio.obj
d:\vgp230\sge\debug\sge_graphics.obj
d:\vgp230\sge\debug\sge_math.obj
d:\vgp230\sge\debug\sge_ui.obj
d:\vgp230\sge\debug\cfmod.obj
d:\vgp230\sge\debug\csound.obj
d:\vgp230\sge\debug\capplication.obj
d:\vgp230\sge\debug\clog.obj
d:\vgp230\debug\sge.lib
d:\vgp230\sge\debug\sge.tlog\cl.command.1.tlog
d:\vgp230\sge\debug\sge.tlog\cl.read.1.tlog
d:\vgp230\sge\debug\sge.tlog\cl.write.1.tlog
d:\vgp230\sge\debug\sge.tlog\lib-link.read.1.tlog
d:\vgp230\sge\debug\sge.tlog\lib-link.write.1.tlog
d:\vgp230\sge\debug\sge.tlog\lib.command.1.tlog
